<?xml version="1.0" encoding="UTF-8"?>
<testsuite name="DollarTest" tests="1" skipped="0" failures="0" errors="0" timestamp="2015-11-28T13:13:15" hostname="mingookui-MacBook-Pro.local" time="0.001">
  <properties/>
  <testcase name="testMultiplication" classname="DollarTest" time="0.001"/>
  <system-out><![CDATA[]]></system-out>
  <system-err><![CDATA[]]></system-err>
</testsuite>
